# JRE version: OpenJDK Runtime Environment (17.0.6) (build 17.0.6+0-b2043.56-9586694)
# Java VM: OpenJDK 64-Bit Server VM (17.0.6+0-b2043.56-9586694, mixed mode, tiered, compressed oops, compressed class ptrs, g1 gc, windows-amd64)
GC Precious Log:
 CPUs: 8 total, 8 available
 Memory: 7991M
 Large Page Support: Disabled
 NUMA Support: Disabled
 Compressed Oops: Enabled (32-bit)
 Heap Region Size: 1M
 Heap Min Capacity: 8M
 Heap Initial Capacity: 126M
 Heap Max Capacity: 2G
 Pre-touch: Disabled
 Parallel Workers: 8
 Concurrent Workers: 2
 Concurrent Refinement Workers: 8
 Periodic GC: Disabled
Heap:
 garbage-first heap   total 458752K, used 245511K [0x0000000080000000, 0x0000000100000000)
  region size 1024K, 69 young (70656K), 12 survivors (12288K)
 Metaspace       used 112214K, committed 113152K, reserved 1155072K
  class space    used 14814K, committed 15232K, reserved 1048576K
GC Heap History (20 events):
Event: 9.160 GC heap before
{Heap before GC invocations=33 (full 0):
 garbage-first heap   total 207872K, used 114321K [0x0000000080000000, 0x0000000100000000)
  region size 1024K, 14 young (14336K), 6 survivors (6144K)
 Metaspace       used 60026K, committed 60608K, reserved 1105920K
  class space    used 8064K, committed 8320K, reserved 1048576K
}
Event: 9.167 GC heap after
{Heap after GC invocations=34 (full 0):
 garbage-first heap   total 207872K, used 113045K [0x0000000080000000, 0x0000000100000000)
  region size 1024K, 8 young (8192K), 8 survivors (8192K)
 Metaspace       used 60026K, committed 60608K, reserved 1105920K
  class space    used 8064K, committed 8320K, reserved 1048576K
}
Event: 9.731 GC heap before
{Heap before GC invocations=35 (full 0):
 garbage-first heap   total 207872K, used 147861K [0x0000000080000000, 0x0000000100000000)
  region size 1024K, 41 young (41984K), 8 survivors (8192K)
 Metaspace       used 64665K, committed 65280K, reserved 1105920K
  class space    used 8663K, committed 8896K, reserved 1048576K
}
Event: 9.735 GC heap after
{Heap after GC invocations=36 (full 0):
 garbage-first heap   total 207872K, used 114594K [0x0000000080000000, 0x0000000100000000)
  region size 1024K, 3 young (3072K), 3 survivors (3072K)
 Metaspace       used 64665K, committed 65280K, reserved 1105920K
  class space    used 8663K, committed 8896K, reserved 1048576K
}
Event: 10.422 GC heap before
{Heap before GC invocations=36 (full 0):
 garbage-first heap   total 207872K, used 148386K [0x0000000080000000, 0x0000000100000000)
  region size 1024K, 37 young (37888K), 3 survivors (3072K)
 Metaspace       used 71143K, committed 71872K, reserved 1114112K
  class space    used 9475K, committed 9792K, reserved 1048576K
}
Event: 10.427 GC heap after
{Heap after GC invocations=37 (full 0):
 garbage-first heap   total 207872K, used 117654K [0x0000000080000000, 0x0000000100000000)
  region size 1024K, 3 young (3072K), 3 survivors (3072K)
 Metaspace       used 71143K, committed 71872K, reserved 1114112K
  class space    used 9475K, committed 9792K, reserved 1048576K
}
Event: 10.940 GC heap before
{Heap before GC invocations=38 (full 0):
 garbage-first heap   total 229376K, used 160662K [0x0000000080000000, 0x0000000100000000)
  region size 1024K, 39 young (39936K), 3 survivors (3072K)
 Metaspace       used 73700K, committed 74368K, reserved 1114112K
  class space    used 9802K, committed 10048K, reserved 1048576K
}
Event: 10.954 GC heap after
{Heap after GC invocations=39 (full 0):
 garbage-first heap   total 229376K, used 120756K [0x0000000080000000, 0x0000000100000000)
  region size 1024K, 4 young (4096K), 4 survivors (4096K)
 Metaspace       used 73700K, committed 74368K, reserved 1114112K
  class space    used 9802K, committed 10048K, reserved 1048576K
}
Event: 11.042 GC heap before
{Heap before GC invocations=39 (full 0):
 garbage-first heap   total 229376K, used 127924K [0x0000000080000000, 0x0000000100000000)
  region size 1024K, 11 young (11264K), 4 survivors (4096K)
 Metaspace       used 74130K, committed 74752K, reserved 1114112K
  class space    used 9857K, committed 10112K, reserved 1048576K
}
Event: 11.048 GC heap after
{Heap after GC invocations=40 (full 0):
 garbage-first heap   total 229376K, used 121400K [0x0000000080000000, 0x0000000100000000)
  region size 1024K, 1 young (1024K), 1 survivors (1024K)
 Metaspace       used 74130K, committed 74752K, reserved 1114112K
  class space    used 9857K, committed 10112K, reserved 1048576K
}
Event: 11.206 GC heap before
{Heap before GC invocations=40 (full 0):
 garbage-first heap   total 229376K, used 129592K [0x0000000080000000, 0x0000000100000000)
  region size 1024K, 10 young (10240K), 1 survivors (1024K)
 Metaspace       used 75180K, committed 75776K, reserved 1122304K
  class space    used 9975K, committed 10240K, reserved 1048576K
}
Event: 11.209 GC heap after
{Heap after GC invocations=41 (full 0):
 garbage-first heap   total 229376K, used 122169K [0x0000000080000000, 0x0000000100000000)
  region size 1024K, 2 young (2048K), 2 survivors (2048K)
 Metaspace       used 75180K, committed 75776K, reserved 1122304K
  class space    used 9975K, committed 10240K, reserved 1048576K
}
Event: 11.766 GC heap before
{Heap before GC invocations=42 (full 0):
 garbage-first heap   total 229376K, used 172345K [0x0000000080000000, 0x0000000100000000)
  region size 1024K, 50 young (51200K), 2 survivors (2048K)
 Metaspace       used 76723K, committed 77376K, reserved 1122304K
  class space    used 10200K, committed 10496K, reserved 1048576K
}
Event: 11.775 GC heap after
{Heap after GC invocations=43 (full 0):
 garbage-first heap   total 229376K, used 125169K [0x0000000080000000, 0x0000000100000000)
  region size 1024K, 5 young (5120K), 5 survivors (5120K)
 Metaspace       used 76723K, committed 77376K, reserved 1122304K
  class space    used 10200K, committed 10496K, reserved 1048576K
}
Event: 11.876 GC heap before
{Heap before GC invocations=43 (full 0):
 garbage-first heap   total 229376K, used 131313K [0x0000000080000000, 0x0000000100000000)
  region size 1024K, 11 young (11264K), 5 survivors (5120K)
 Metaspace       used 77582K, committed 78144K, reserved 1122304K
  class space    used 10312K, committed 10560K, reserved 1048576K
}
Event: 11.883 GC heap after
{Heap after GC invocations=44 (full 0):
 garbage-first heap   total 458752K, used 125080K [0x0000000080000000, 0x0000000100000000)
  region size 1024K, 1 young (1024K), 1 survivors (1024K)
 Metaspace       used 77582K, committed 78144K, reserved 1122304K
  class space    used 10312K, committed 10560K, reserved 1048576K
}
Event: 15.750 GC heap before
{Heap before GC invocations=44 (full 0):
 garbage-first heap   total 458752K, used 384152K [0x0000000080000000, 0x0000000100000000)
  region size 1024K, 225 young (230400K), 1 survivors (1024K)
 Metaspace       used 102700K, committed 103488K, reserved 1146880K
  class space    used 13806K, committed 14144K, reserved 1048576K
}
Event: 15.772 GC heap after
{Heap after GC invocations=45 (full 0):
 garbage-first heap   total 458752K, used 176281K [0x0000000080000000, 0x0000000100000000)
  region size 1024K, 22 young (22528K), 22 survivors (22528K)
 Metaspace       used 102700K, committed 103488K, reserved 1146880K
  class space    used 13806K, committed 14144K, reserved 1048576K
}
Event: 67.769 GC heap before
{Heap before GC invocations=45 (full 0):
 garbage-first heap   total 458752K, used 345241K [0x0000000080000000, 0x0000000100000000)
  region size 1024K, 188 young (192512K), 22 survivors (22528K)
 Metaspace       used 110785K, committed 111680K, reserved 1146880K
  class space    used 14635K, committed 15040K, reserved 1048576K
}
Event: 67.802 GC heap after
{Heap after GC invocations=46 (full 0):
 garbage-first heap   total 458752K, used 188167K [0x0000000080000000, 0x0000000100000000)
  region size 1024K, 12 young (12288K), 12 survivors (12288K)
 Metaspace       used 110785K, committed 111680K, reserved 1146880K
  class space    used 14635K, committed 15040K, reserved 1048576K
}

