# JRE version: OpenJDK Runtime Environment (17.0.6) (build 17.0.6+0-b2043.56-9586694)
# Java VM: OpenJDK 64-Bit Server VM (17.0.6+0-b2043.56-9586694, mixed mode, tiered, compressed oops, compressed class ptrs, g1 gc, windows-amd64)
GC Precious Log:
 CPUs: 8 total, 8 available
 Memory: 7991M
 Large Page Support: Disabled
 NUMA Support: Disabled
 Compressed Oops: Enabled (32-bit)
 Heap Region Size: 1M
 Heap Min Capacity: 8M
 Heap Initial Capacity: 126M
 Heap Max Capacity: 2G
 Pre-touch: Disabled
 Parallel Workers: 8
 Concurrent Workers: 2
 Concurrent Refinement Workers: 8
 Periodic GC: Disabled
Heap:
 garbage-first heap   total 234496K, used 116371K [0x0000000080000000, 0x0000000100000000)
  region size 1024K, 11 young (11264K), 11 survivors (11264K)
 Metaspace       used 101659K, committed 102272K, reserved 1138688K
  class space    used 13914K, committed 14208K, reserved 1048576K
GC Heap History (20 events):
Event: 7.914 GC heap after
{Heap after GC invocations=32 (full 0):
 garbage-first heap   total 125952K, used 61936K [0x0000000080000000, 0x0000000100000000)
  region size 1024K, 5 young (5120K), 5 survivors (5120K)
 Metaspace       used 76616K, committed 77184K, reserved 1122304K
  class space    used 10341K, committed 10624K, reserved 1048576K
}
Event: 8.311 GC heap before
{Heap before GC invocations=33 (full 0):
 garbage-first heap   total 125952K, used 97776K [0x0000000080000000, 0x0000000100000000)
  region size 1024K, 40 young (40960K), 5 survivors (5120K)
 Metaspace       used 81520K, committed 82112K, reserved 1122304K
  class space    used 11069K, committed 11328K, reserved 1048576K
}
Event: 8.316 GC heap after
{Heap after GC invocations=34 (full 0):
 garbage-first heap   total 125952K, used 64664K [0x0000000080000000, 0x0000000100000000)
  region size 1024K, 3 young (3072K), 3 survivors (3072K)
 Metaspace       used 81520K, committed 82112K, reserved 1122304K
  class space    used 11069K, committed 11328K, reserved 1048576K
}
Event: 8.338 GC heap before
{Heap before GC invocations=34 (full 0):
 garbage-first heap   total 125952K, used 67736K [0x0000000080000000, 0x0000000100000000)
  region size 1024K, 6 young (6144K), 3 survivors (3072K)
 Metaspace       used 81737K, committed 82304K, reserved 1122304K
  class space    used 11094K, committed 11328K, reserved 1048576K
}
Event: 8.341 GC heap after
{Heap after GC invocations=35 (full 0):
 garbage-first heap   total 125952K, used 64806K [0x0000000080000000, 0x0000000100000000)
  region size 1024K, 1 young (1024K), 1 survivors (1024K)
 Metaspace       used 81737K, committed 82304K, reserved 1122304K
  class space    used 11094K, committed 11328K, reserved 1048576K
}
Event: 8.565 GC heap before
{Heap before GC invocations=35 (full 0):
 garbage-first heap   total 125952K, used 99622K [0x0000000080000000, 0x0000000100000000)
  region size 1024K, 35 young (35840K), 1 survivors (1024K)
 Metaspace       used 82963K, committed 83520K, reserved 1122304K
  class space    used 11264K, committed 11520K, reserved 1048576K
}
Event: 8.569 GC heap after
{Heap after GC invocations=36 (full 0):
 garbage-first heap   total 202752K, used 68774K [0x0000000080000000, 0x0000000100000000)
  region size 1024K, 5 young (5120K), 5 survivors (5120K)
 Metaspace       used 82963K, committed 83520K, reserved 1122304K
  class space    used 11264K, committed 11520K, reserved 1048576K
}
Event: 9.196 GC heap before
{Heap before GC invocations=37 (full 0):
 garbage-first heap   total 202752K, used 150694K [0x0000000080000000, 0x0000000100000000)
  region size 1024K, 86 young (88064K), 5 survivors (5120K)
 Metaspace       used 87131K, committed 87808K, reserved 1130496K
  class space    used 11880K, committed 12224K, reserved 1048576K
}
Event: 9.205 GC heap after
{Heap after GC invocations=38 (full 0):
 garbage-first heap   total 202752K, used 78748K [0x0000000080000000, 0x0000000100000000)
  region size 1024K, 11 young (11264K), 11 survivors (11264K)
 Metaspace       used 87131K, committed 87808K, reserved 1130496K
  class space    used 11880K, committed 12224K, reserved 1048576K
}
Event: 9.213 GC heap before
{Heap before GC invocations=38 (full 0):
 garbage-first heap   total 202752K, used 79772K [0x0000000080000000, 0x0000000100000000)
  region size 1024K, 12 young (12288K), 11 survivors (11264K)
 Metaspace       used 87137K, committed 87808K, reserved 1130496K
  class space    used 11880K, committed 12224K, reserved 1048576K
}
Event: 9.220 GC heap after
{Heap after GC invocations=39 (full 0):
 garbage-first heap   total 202752K, used 80053K [0x0000000080000000, 0x0000000100000000)
  region size 1024K, 2 young (2048K), 2 survivors (2048K)
 Metaspace       used 87137K, committed 87808K, reserved 1130496K
  class space    used 11880K, committed 12224K, reserved 1048576K
}
Event: 9.717 GC heap before
{Heap before GC invocations=39 (full 0):
 garbage-first heap   total 202752K, used 146613K [0x0000000080000000, 0x0000000100000000)
  region size 1024K, 68 young (69632K), 2 survivors (2048K)
 Metaspace       used 90965K, committed 91584K, reserved 1130496K
  class space    used 12384K, committed 12672K, reserved 1048576K
}
Event: 9.721 GC heap after
{Heap after GC invocations=40 (full 0):
 garbage-first heap   total 202752K, used 83245K [0x0000000080000000, 0x0000000100000000)
  region size 1024K, 5 young (5120K), 5 survivors (5120K)
 Metaspace       used 90965K, committed 91584K, reserved 1130496K
  class space    used 12384K, committed 12672K, reserved 1048576K
}
Event: 10.131 GC heap before
{Heap before GC invocations=40 (full 0):
 garbage-first heap   total 202752K, used 152877K [0x0000000080000000, 0x0000000100000000)
  region size 1024K, 74 young (75776K), 5 survivors (5120K)
 Metaspace       used 94846K, committed 95488K, reserved 1138688K
  class space    used 12913K, committed 13184K, reserved 1048576K
}
Event: 10.137 GC heap after
{Heap after GC invocations=41 (full 0):
 garbage-first heap   total 202752K, used 90283K [0x0000000080000000, 0x0000000100000000)
  region size 1024K, 10 young (10240K), 10 survivors (10240K)
 Metaspace       used 94846K, committed 95488K, reserved 1138688K
  class space    used 12913K, committed 13184K, reserved 1048576K
}
Event: 10.403 GC heap before
{Heap before GC invocations=42 (full 0):
 garbage-first heap   total 234496K, used 156843K [0x0000000080000000, 0x0000000100000000)
  region size 1024K, 76 young (77824K), 10 survivors (10240K)
 Metaspace       used 98551K, committed 99200K, reserved 1138688K
  class space    used 13459K, committed 13760K, reserved 1048576K
}
Event: 10.411 GC heap after
{Heap after GC invocations=43 (full 0):
 garbage-first heap   total 234496K, used 100260K [0x0000000080000000, 0x0000000100000000)
  region size 1024K, 10 young (10240K), 10 survivors (10240K)
 Metaspace       used 98551K, committed 99200K, reserved 1138688K
  class space    used 13459K, committed 13760K, reserved 1048576K
}
Event: 10.414 GC heap before
{Heap before GC invocations=43 (full 0):
 garbage-first heap   total 234496K, used 101284K [0x0000000080000000, 0x0000000100000000)
  region size 1024K, 11 young (11264K), 10 survivors (10240K)
 Metaspace       used 98574K, committed 99200K, reserved 1138688K
  class space    used 13463K, committed 13760K, reserved 1048576K
}
Event: 10.417 GC heap after
{Heap after GC invocations=44 (full 0):
 garbage-first heap   total 234496K, used 100994K [0x0000000080000000, 0x0000000100000000)
  region size 1024K, 2 young (2048K), 2 survivors (2048K)
 Metaspace       used 98574K, committed 99200K, reserved 1138688K
  class space    used 13463K, committed 13760K, reserved 1048576K
}
Event: 10.590 GC heap before
{Heap before GC invocations=44 (full 0):
 garbage-first heap   total 234496K, used 180866K [0x0000000080000000, 0x0000000100000000)
  region size 1024K, 81 young (82944K), 2 survivors (2048K)
 Metaspace       used 101659K, committed 102272K, reserved 1138688K
  class space    used 13914K, committed 14208K, reserved 1048576K
}

