# JRE version: OpenJDK Runtime Environment (17.0.6) (build 17.0.6+0-b2043.56-9586694)
# Java VM: OpenJDK 64-Bit Server VM (17.0.6+0-b2043.56-9586694, mixed mode, tiered, compressed oops, compressed class ptrs, g1 gc, windows-amd64)
GC Precious Log:
 CPUs: 8 total, 8 available
 Memory: 7991M
 Large Page Support: Disabled
 NUMA Support: Disabled
 Compressed Oops: Enabled (32-bit)
 Heap Region Size: 1M
 Heap Min Capacity: 8M
 Heap Initial Capacity: 126M
 Heap Max Capacity: 2G
 Pre-touch: Disabled
 Parallel Workers: 8
 Concurrent Workers: 2
 Concurrent Refinement Workers: 8
 Periodic GC: Disabled
Heap:
 garbage-first heap   total 208896K, used 116579K [0x0000000080000000, 0x0000000100000000)
  region size 1024K, 9 young (9216K), 9 survivors (9216K)
 Metaspace       used 103089K, committed 103744K, reserved 1146880K
  class space    used 14115K, committed 14400K, reserved 1048576K
GC Heap History (20 events):
Event: 10.750 GC heap after
{Heap after GC invocations=25 (full 0):
 garbage-first heap   total 100352K, used 54356K [0x0000000080000000, 0x0000000100000000)
  region size 1024K, 1 young (1024K), 1 survivors (1024K)
 Metaspace       used 67707K, committed 68288K, reserved 1114112K
  class space    used 8866K, committed 9152K, reserved 1048576K
}
Event: 11.337 GC heap before
{Heap before GC invocations=26 (full 0):
 garbage-first heap   total 100352K, used 82004K [0x0000000080000000, 0x0000000100000000)
  region size 1024K, 27 young (27648K), 1 survivors (1024K)
 Metaspace       used 68621K, committed 69184K, reserved 1114112K
  class space    used 9011K, committed 9280K, reserved 1048576K
}
Event: 11.343 GC heap after
{Heap after GC invocations=27 (full 0):
 garbage-first heap   total 100352K, used 55815K [0x0000000080000000, 0x0000000100000000)
  region size 1024K, 3 young (3072K), 3 survivors (3072K)
 Metaspace       used 68621K, committed 69184K, reserved 1114112K
  class space    used 9011K, committed 9280K, reserved 1048576K
}
Event: 11.896 GC heap before
{Heap before GC invocations=27 (full 0):
 garbage-first heap   total 100352K, used 80391K [0x0000000080000000, 0x0000000100000000)
  region size 1024K, 28 young (28672K), 3 survivors (3072K)
 Metaspace       used 70039K, committed 70592K, reserved 1114112K
  class space    used 9196K, committed 9472K, reserved 1048576K
}
Event: 11.904 GC heap after
{Heap after GC invocations=28 (full 0):
 garbage-first heap   total 100352K, used 57967K [0x0000000080000000, 0x0000000100000000)
  region size 1024K, 4 young (4096K), 4 survivors (4096K)
 Metaspace       used 70039K, committed 70592K, reserved 1114112K
  class space    used 9196K, committed 9472K, reserved 1048576K
}
Event: 12.696 GC heap before
{Heap before GC invocations=29 (full 0):
 garbage-first heap   total 104448K, used 81519K [0x0000000080000000, 0x0000000100000000)
  region size 1024K, 27 young (27648K), 4 survivors (4096K)
 Metaspace       used 73063K, committed 73600K, reserved 1114112K
  class space    used 9809K, committed 10048K, reserved 1048576K
}
Event: 12.710 GC heap after
{Heap after GC invocations=30 (full 0):
 garbage-first heap   total 104448K, used 59429K [0x0000000080000000, 0x0000000100000000)
  region size 1024K, 4 young (4096K), 4 survivors (4096K)
 Metaspace       used 73063K, committed 73600K, reserved 1114112K
  class space    used 9809K, committed 10048K, reserved 1048576K
}
Event: 12.741 GC heap before
{Heap before GC invocations=30 (full 0):
 garbage-first heap   total 104448K, used 60453K [0x0000000080000000, 0x0000000100000000)
  region size 1024K, 5 young (5120K), 4 survivors (4096K)
 Metaspace       used 73188K, committed 73792K, reserved 1114112K
  class space    used 9832K, committed 10112K, reserved 1048576K
}
Event: 12.759 GC heap after
{Heap after GC invocations=31 (full 0):
 garbage-first heap   total 208896K, used 58952K [0x0000000080000000, 0x0000000100000000)
  region size 1024K, 1 young (1024K), 1 survivors (1024K)
 Metaspace       used 73188K, committed 73792K, reserved 1114112K
  class space    used 9832K, committed 10112K, reserved 1048576K
}
Event: 15.870 GC heap before
{Heap before GC invocations=31 (full 0):
 garbage-first heap   total 208896K, used 161352K [0x0000000080000000, 0x0000000100000000)
  region size 1024K, 101 young (103424K), 1 survivors (1024K)
 Metaspace       used 83075K, committed 83648K, reserved 1122304K
  class space    used 11272K, committed 11520K, reserved 1048576K
}
Event: 15.887 GC heap after
{Heap after GC invocations=32 (full 0):
 garbage-first heap   total 208896K, used 67115K [0x0000000080000000, 0x0000000100000000)
  region size 1024K, 9 young (9216K), 9 survivors (9216K)
 Metaspace       used 83075K, committed 83648K, reserved 1122304K
  class space    used 11272K, committed 11520K, reserved 1048576K
}
Event: 17.184 GC heap before
{Heap before GC invocations=32 (full 0):
 garbage-first heap   total 208896K, used 158251K [0x0000000080000000, 0x0000000100000000)
  region size 1024K, 99 young (101376K), 9 survivors (9216K)
 Metaspace       used 87223K, committed 87808K, reserved 1130496K
  class space    used 11866K, committed 12160K, reserved 1048576K
}
Event: 17.201 GC heap after
{Heap after GC invocations=33 (full 0):
 garbage-first heap   total 208896K, used 79292K [0x0000000080000000, 0x0000000100000000)
  region size 1024K, 12 young (12288K), 12 survivors (12288K)
 Metaspace       used 87223K, committed 87808K, reserved 1130496K
  class space    used 11866K, committed 12160K, reserved 1048576K
}
Event: 18.105 GC heap before
{Heap before GC invocations=33 (full 0):
 garbage-first heap   total 208896K, used 159164K [0x0000000080000000, 0x0000000100000000)
  region size 1024K, 91 young (93184K), 12 survivors (12288K)
 Metaspace       used 92563K, committed 93184K, reserved 1130496K
  class space    used 12595K, committed 12864K, reserved 1048576K
}
Event: 18.120 GC heap after
{Heap after GC invocations=34 (full 0):
 garbage-first heap   total 208896K, used 86268K [0x0000000080000000, 0x0000000100000000)
  region size 1024K, 8 young (8192K), 8 survivors (8192K)
 Metaspace       used 92563K, committed 93184K, reserved 1130496K
  class space    used 12595K, committed 12864K, reserved 1048576K
}
Event: 18.487 GC heap before
{Heap before GC invocations=34 (full 0):
 garbage-first heap   total 208896K, used 164092K [0x0000000080000000, 0x0000000100000000)
  region size 1024K, 85 young (87040K), 8 survivors (8192K)
 Metaspace       used 95157K, committed 95808K, reserved 1138688K
  class space    used 12923K, committed 13184K, reserved 1048576K
}
Event: 18.501 GC heap after
{Heap after GC invocations=35 (full 0):
 garbage-first heap   total 208896K, used 95323K [0x0000000080000000, 0x0000000100000000)
  region size 1024K, 10 young (10240K), 10 survivors (10240K)
 Metaspace       used 95157K, committed 95808K, reserved 1138688K
  class space    used 12923K, committed 13184K, reserved 1048576K
}
Event: 19.012 GC heap before
{Heap before GC invocations=35 (full 0):
 garbage-first heap   total 208896K, used 164955K [0x0000000080000000, 0x0000000100000000)
  region size 1024K, 79 young (80896K), 10 survivors (10240K)
 Metaspace       used 100098K, committed 100736K, reserved 1138688K
  class space    used 13679K, committed 13952K, reserved 1048576K
}
Event: 19.026 GC heap after
{Heap after GC invocations=36 (full 0):
 garbage-first heap   total 208896K, used 106199K [0x0000000080000000, 0x0000000100000000)
  region size 1024K, 10 young (10240K), 10 survivors (10240K)
 Metaspace       used 100098K, committed 100736K, reserved 1138688K
  class space    used 13679K, committed 13952K, reserved 1048576K
}
Event: 19.246 GC heap before
{Heap before GC invocations=36 (full 0):
 garbage-first heap   total 208896K, used 166615K [0x0000000080000000, 0x0000000100000000)
  region size 1024K, 69 young (70656K), 10 survivors (10240K)
 Metaspace       used 103089K, committed 103744K, reserved 1146880K
  class space    used 14115K, committed 14400K, reserved 1048576K
}

