# JRE version: OpenJDK Runtime Environment (17.0.6) (build 17.0.6+0-b2043.56-9586694)
# Java VM: OpenJDK 64-Bit Server VM (17.0.6+0-b2043.56-9586694, mixed mode, tiered, compressed oops, compressed class ptrs, g1 gc, windows-amd64)
GC Precious Log:
 CPUs: 8 total, 8 available
 Memory: 7991M
 Large Page Support: Disabled
 NUMA Support: Disabled
 Compressed Oops: Enabled (32-bit)
 Heap Region Size: 1M
 Heap Min Capacity: 8M
 Heap Initial Capacity: 126M
 Heap Max Capacity: 2G
 Pre-touch: Disabled
 Parallel Workers: 8
 Concurrent Workers: 2
 Concurrent Refinement Workers: 8
 Periodic GC: Disabled
Heap:
 garbage-first heap   total 356352K, used 251755K [0x0000000080000000, 0x0000000100000000)
  region size 1024K, 75 young (76800K), 8 survivors (8192K)
 Metaspace       used 121728K, committed 122496K, reserved 1155072K
  class space    used 16326K, committed 16704K, reserved 1048576K
GC Heap History (20 events):
Event: 14.454 GC heap before
{Heap before GC invocations=30 (full 0):
 garbage-first heap   total 178176K, used 148480K [0x0000000080000000, 0x0000000100000000)
  region size 1024K, 56 young (57344K), 8 survivors (8192K)
 Metaspace       used 91732K, committed 92416K, reserved 1130496K
  class space    used 12387K, committed 12736K, reserved 1048576K
}
Event: 14.477 GC heap after
{Heap after GC invocations=31 (full 0):
 garbage-first heap   total 178176K, used 106357K [0x0000000080000000, 0x0000000100000000)
  region size 1024K, 7 young (7168K), 7 survivors (7168K)
 Metaspace       used 91732K, committed 92416K, reserved 1130496K
  class space    used 12387K, committed 12736K, reserved 1048576K
}
Event: 14.552 GC heap before
{Heap before GC invocations=31 (full 0):
 garbage-first heap   total 178176K, used 107381K [0x0000000080000000, 0x0000000100000000)
  region size 1024K, 8 young (8192K), 7 survivors (7168K)
 Metaspace       used 91733K, committed 92416K, reserved 1130496K
  class space    used 12387K, committed 12736K, reserved 1048576K
}
Event: 14.563 GC heap after
{Heap after GC invocations=32 (full 0):
 garbage-first heap   total 178176K, used 108155K [0x0000000080000000, 0x0000000100000000)
  region size 1024K, 1 young (1024K), 1 survivors (1024K)
 Metaspace       used 91733K, committed 92416K, reserved 1130496K
  class space    used 12387K, committed 12736K, reserved 1048576K
}
Event: 15.266 GC heap before
{Heap before GC invocations=32 (full 0):
 garbage-first heap   total 178176K, used 156283K [0x0000000080000000, 0x0000000100000000)
  region size 1024K, 34 young (34816K), 1 survivors (1024K)
 Metaspace       used 92148K, committed 92928K, reserved 1130496K
  class space    used 12418K, committed 12800K, reserved 1048576K
}
Event: 15.276 GC heap after
{Heap after GC invocations=33 (full 0):
 garbage-first heap   total 356352K, used 110559K [0x0000000080000000, 0x0000000100000000)
  region size 1024K, 4 young (4096K), 4 survivors (4096K)
 Metaspace       used 92148K, committed 92928K, reserved 1130496K
  class space    used 12418K, committed 12800K, reserved 1048576K
}
Event: 17.189 GC heap before
{Heap before GC invocations=34 (full 0):
 garbage-first heap   total 356352K, used 229343K [0x0000000080000000, 0x0000000100000000)
  region size 1024K, 121 young (123904K), 4 survivors (4096K)
 Metaspace       used 97583K, committed 98304K, reserved 1138688K
  class space    used 12930K, committed 13248K, reserved 1048576K
}
Event: 17.203 GC heap after
{Heap after GC invocations=35 (full 0):
 garbage-first heap   total 356352K, used 114299K [0x0000000080000000, 0x0000000100000000)
  region size 1024K, 7 young (7168K), 7 survivors (7168K)
 Metaspace       used 97583K, committed 98304K, reserved 1138688K
  class space    used 12930K, committed 13248K, reserved 1048576K
}
Event: 17.331 GC heap before
{Heap before GC invocations=35 (full 0):
 garbage-first heap   total 356352K, used 124539K [0x0000000080000000, 0x0000000100000000)
  region size 1024K, 17 young (17408K), 7 survivors (7168K)
 Metaspace       used 97937K, committed 98624K, reserved 1138688K
  class space    used 12978K, committed 13312K, reserved 1048576K
}
Event: 17.343 GC heap after
{Heap after GC invocations=36 (full 0):
 garbage-first heap   total 356352K, used 116697K [0x0000000080000000, 0x0000000100000000)
  region size 1024K, 3 young (3072K), 3 survivors (3072K)
 Metaspace       used 97937K, committed 98624K, reserved 1138688K
  class space    used 12978K, committed 13312K, reserved 1048576K
}
Event: 20.147 GC heap before
{Heap before GC invocations=36 (full 0):
 garbage-first heap   total 356352K, used 268249K [0x0000000080000000, 0x0000000100000000)
  region size 1024K, 152 young (155648K), 3 survivors (3072K)
 Metaspace       used 104564K, committed 105280K, reserved 1146880K
  class space    used 13813K, committed 14144K, reserved 1048576K
}
Event: 20.170 GC heap after
{Heap after GC invocations=37 (full 0):
 garbage-first heap   total 356352K, used 130258K [0x0000000080000000, 0x0000000100000000)
  region size 1024K, 17 young (17408K), 17 survivors (17408K)
 Metaspace       used 104564K, committed 105280K, reserved 1146880K
  class space    used 13813K, committed 14144K, reserved 1048576K
}
Event: 22.121 GC heap before
{Heap before GC invocations=37 (full 0):
 garbage-first heap   total 356352K, used 272594K [0x0000000080000000, 0x0000000100000000)
  region size 1024K, 155 young (158720K), 17 survivors (17408K)
 Metaspace       used 106678K, committed 107456K, reserved 1146880K
  class space    used 14050K, committed 14400K, reserved 1048576K
}
Event: 22.142 GC heap after
{Heap after GC invocations=38 (full 0):
 garbage-first heap   total 356352K, used 134080K [0x0000000080000000, 0x0000000100000000)
  region size 1024K, 10 young (10240K), 10 survivors (10240K)
 Metaspace       used 106678K, committed 107456K, reserved 1146880K
  class space    used 14050K, committed 14400K, reserved 1048576K
}
Event: 23.367 GC heap before
{Heap before GC invocations=38 (full 0):
 garbage-first heap   total 356352K, used 277440K [0x0000000080000000, 0x0000000100000000)
  region size 1024K, 151 young (154624K), 10 survivors (10240K)
 Metaspace       used 114338K, committed 115072K, reserved 1155072K
  class space    used 15187K, committed 15552K, reserved 1048576K
}
Event: 23.402 GC heap after
{Heap after GC invocations=39 (full 0):
 garbage-first heap   total 356352K, used 155247K [0x0000000080000000, 0x0000000100000000)
  region size 1024K, 19 young (19456K), 19 survivors (19456K)
 Metaspace       used 114338K, committed 115072K, reserved 1155072K
  class space    used 15187K, committed 15552K, reserved 1048576K
}
Event: 23.768 GC heap before
{Heap before GC invocations=39 (full 0):
 garbage-first heap   total 356352K, used 274031K [0x0000000080000000, 0x0000000100000000)
  region size 1024K, 136 young (139264K), 19 survivors (19456K)
 Metaspace       used 116990K, committed 117760K, reserved 1155072K
  class space    used 15629K, committed 16000K, reserved 1048576K
}
Event: 23.821 GC heap after
{Heap after GC invocations=40 (full 0):
 garbage-first heap   total 356352K, used 174823K [0x0000000080000000, 0x0000000100000000)
  region size 1024K, 17 young (17408K), 17 survivors (17408K)
 Metaspace       used 116990K, committed 117760K, reserved 1155072K
  class space    used 15629K, committed 16000K, reserved 1048576K
}
Event: 24.632 GC heap before
{Heap before GC invocations=40 (full 0):
 garbage-first heap   total 356352K, used 278247K [0x0000000080000000, 0x0000000100000000)
  region size 1024K, 118 young (120832K), 17 survivors (17408K)
 Metaspace       used 120327K, committed 121152K, reserved 1155072K
  class space    used 16148K, committed 16512K, reserved 1048576K
}
Event: 24.669 GC heap after
{Heap after GC invocations=41 (full 0):
 garbage-first heap   total 356352K, used 184171K [0x0000000080000000, 0x0000000100000000)
  region size 1024K, 8 young (8192K), 8 survivors (8192K)
 Metaspace       used 120327K, committed 121152K, reserved 1155072K
  class space    used 16148K, committed 16512K, reserved 1048576K
}

