# JRE version: OpenJDK Runtime Environment (17.0.6) (build 17.0.6+0-b2043.56-9586694)
# Java VM: OpenJDK 64-Bit Server VM (17.0.6+0-b2043.56-9586694, mixed mode, tiered, compressed oops, compressed class ptrs, g1 gc, windows-amd64)
GC Precious Log:
 CPUs: 8 total, 8 available
 Memory: 7991M
 Large Page Support: Disabled
 NUMA Support: Disabled
 Compressed Oops: Enabled (32-bit)
 Heap Region Size: 1M
 Heap Min Capacity: 8M
 Heap Initial Capacity: 126M
 Heap Max Capacity: 2G
 Pre-touch: Disabled
 Parallel Workers: 8
 Concurrent Workers: 2
 Concurrent Refinement Workers: 8
 Periodic GC: Disabled
Heap:
 garbage-first heap   total 212992K, used 134144K [0x0000000080000000, 0x0000000100000000)
  region size 1024K, 7 young (7168K), 7 survivors (7168K)
 Metaspace       used 104284K, committed 104896K, reserved 1146880K
  class space    used 14367K, committed 14656K, reserved 1048576K
GC Heap History (20 events):
Event: 7.559 GC heap after
{Heap after GC invocations=26 (full 0):
 garbage-first heap   total 139264K, used 64181K [0x0000000080000000, 0x0000000100000000)
  region size 1024K, 7 young (7168K), 7 survivors (7168K)
 Metaspace       used 81438K, committed 81984K, reserved 1122304K
  class space    used 11034K, committed 11264K, reserved 1048576K
}
Event: 7.957 GC heap before
{Heap before GC invocations=26 (full 0):
 garbage-first heap   total 139264K, used 108213K [0x0000000080000000, 0x0000000100000000)
  region size 1024K, 50 young (51200K), 7 survivors (7168K)
 Metaspace       used 83036K, committed 83648K, reserved 1122304K
  class space    used 11256K, committed 11520K, reserved 1048576K
}
Event: 7.967 GC heap after
{Heap after GC invocations=27 (full 0):
 garbage-first heap   total 177152K, used 69339K [0x0000000080000000, 0x0000000100000000)
  region size 1024K, 7 young (7168K), 7 survivors (7168K)
 Metaspace       used 83036K, committed 83648K, reserved 1122304K
  class space    used 11256K, committed 11520K, reserved 1048576K
}
Event: 8.605 GC heap before
{Heap before GC invocations=27 (full 0):
 garbage-first heap   total 177152K, used 131803K [0x0000000080000000, 0x0000000100000000)
  region size 1024K, 69 young (70656K), 7 survivors (7168K)
 Metaspace       used 87050K, committed 87680K, reserved 1130496K
  class space    used 11864K, committed 12160K, reserved 1048576K
}
Event: 8.616 GC heap after
{Heap after GC invocations=28 (full 0):
 garbage-first heap   total 177152K, used 78804K [0x0000000080000000, 0x0000000100000000)
  region size 1024K, 9 young (9216K), 9 survivors (9216K)
 Metaspace       used 87050K, committed 87680K, reserved 1130496K
  class space    used 11864K, committed 12160K, reserved 1048576K
}
Event: 9.087 GC heap before
{Heap before GC invocations=28 (full 0):
 garbage-first heap   total 177152K, used 133076K [0x0000000080000000, 0x0000000100000000)
  region size 1024K, 63 young (64512K), 9 survivors (9216K)
 Metaspace       used 87655K, committed 88384K, reserved 1130496K
  class space    used 11902K, committed 12224K, reserved 1048576K
}
Event: 9.095 GC heap after
{Heap after GC invocations=29 (full 0):
 garbage-first heap   total 177152K, used 83512K [0x0000000080000000, 0x0000000100000000)
  region size 1024K, 5 young (5120K), 5 survivors (5120K)
 Metaspace       used 87655K, committed 88384K, reserved 1130496K
  class space    used 11902K, committed 12224K, reserved 1048576K
}
Event: 9.611 GC heap before
{Heap before GC invocations=29 (full 0):
 garbage-first heap   total 177152K, used 135736K [0x0000000080000000, 0x0000000100000000)
  region size 1024K, 57 young (58368K), 5 survivors (5120K)
 Metaspace       used 92939K, committed 93632K, reserved 1130496K
  class space    used 12639K, committed 12992K, reserved 1048576K
}
Event: 9.617 GC heap after
{Heap after GC invocations=30 (full 0):
 garbage-first heap   total 177152K, used 87195K [0x0000000080000000, 0x0000000100000000)
  region size 1024K, 8 young (8192K), 8 survivors (8192K)
 Metaspace       used 92939K, committed 93632K, reserved 1130496K
  class space    used 12639K, committed 12992K, reserved 1048576K
}
Event: 9.982 GC heap before
{Heap before GC invocations=31 (full 0):
 garbage-first heap   total 177152K, used 139419K [0x0000000080000000, 0x0000000100000000)
  region size 1024K, 60 young (61440K), 8 survivors (8192K)
 Metaspace       used 94924K, committed 95552K, reserved 1138688K
  class space    used 12900K, committed 13184K, reserved 1048576K
}
Event: 9.989 GC heap after
{Heap after GC invocations=32 (full 0):
 garbage-first heap   total 177152K, used 93361K [0x0000000080000000, 0x0000000100000000)
  region size 1024K, 7 young (7168K), 7 survivors (7168K)
 Metaspace       used 94924K, committed 95552K, reserved 1138688K
  class space    used 12900K, committed 13184K, reserved 1048576K
}
Event: 9.990 GC heap before
{Heap before GC invocations=32 (full 0):
 garbage-first heap   total 177152K, used 93361K [0x0000000080000000, 0x0000000100000000)
  region size 1024K, 8 young (8192K), 7 survivors (7168K)
 Metaspace       used 94932K, committed 95552K, reserved 1138688K
  class space    used 12903K, committed 13184K, reserved 1048576K
}
Event: 9.994 GC heap after
{Heap after GC invocations=33 (full 0):
 garbage-first heap   total 212992K, used 94195K [0x0000000080000000, 0x0000000100000000)
  region size 1024K, 1 young (1024K), 1 survivors (1024K)
 Metaspace       used 94932K, committed 95552K, reserved 1138688K
  class space    used 12903K, committed 13184K, reserved 1048576K
}
Event: 10.399 GC heap before
{Heap before GC invocations=33 (full 0):
 garbage-first heap   total 212992K, used 167923K [0x0000000080000000, 0x0000000100000000)
  region size 1024K, 74 young (75776K), 1 survivors (1024K)
 Metaspace       used 99711K, committed 100352K, reserved 1138688K
  class space    used 13622K, committed 13888K, reserved 1048576K
}
Event: 10.406 GC heap after
{Heap after GC invocations=34 (full 0):
 garbage-first heap   total 212992K, used 105770K [0x0000000080000000, 0x0000000100000000)
  region size 1024K, 10 young (10240K), 10 survivors (10240K)
 Metaspace       used 99711K, committed 100352K, reserved 1138688K
  class space    used 13622K, committed 13888K, reserved 1048576K
}
Event: 10.578 GC heap before
{Heap before GC invocations=34 (full 0):
 garbage-first heap   total 212992K, used 167210K [0x0000000080000000, 0x0000000100000000)
  region size 1024K, 71 young (72704K), 10 survivors (10240K)
 Metaspace       used 102109K, committed 102720K, reserved 1138688K
  class space    used 13987K, committed 14272K, reserved 1048576K
}
Event: 10.592 GC heap after
{Heap after GC invocations=35 (full 0):
 garbage-first heap   total 212992K, used 116736K [0x0000000080000000, 0x0000000100000000)
  region size 1024K, 9 young (9216K), 9 survivors (9216K)
 Metaspace       used 102109K, committed 102720K, reserved 1138688K
  class space    used 13987K, committed 14272K, reserved 1048576K
}
Event: 10.706 GC heap before
{Heap before GC invocations=35 (full 0):
 garbage-first heap   total 212992K, used 169984K [0x0000000080000000, 0x0000000100000000)
  region size 1024K, 61 young (62464K), 9 survivors (9216K)
 Metaspace       used 103532K, committed 104128K, reserved 1138688K
  class space    used 14260K, committed 14528K, reserved 1048576K
}
Event: 10.720 GC heap after
{Heap after GC invocations=36 (full 0):
 garbage-first heap   total 212992K, used 125811K [0x0000000080000000, 0x0000000100000000)
  region size 1024K, 8 young (8192K), 8 survivors (8192K)
 Metaspace       used 103532K, committed 104128K, reserved 1138688K
  class space    used 14260K, committed 14528K, reserved 1048576K
}
Event: 10.796 GC heap before
{Heap before GC invocations=36 (full 0):
 garbage-first heap   total 212992K, used 171891K [0x0000000080000000, 0x0000000100000000)
  region size 1024K, 53 young (54272K), 8 survivors (8192K)
 Metaspace       used 104284K, committed 104896K, reserved 1146880K
  class space    used 14367K, committed 14656K, reserved 1048576K
}

